<?xml version="1.0" encoding="UTF-8"?>
<!-- Generated by org.testng.reporters.JUnitReportReporter -->
<testsuite hostname="Duhas-Air" failures="0" tests="5" name="runner.TestRunner" time="174.325" errors="0" timestamp="2021-10-12T13:44:55 EDT" skipped="0">
  <testcase classname="runner.TestRunner" name="runScenario" time="17.358"/>
  <system-out/>
  <testcase classname="runner.TestRunner" name="runScenario" time="60.992"/>
  <system-out/>
  <testcase classname="runner.TestRunner" name="runScenario" time="38.507"/>
  <system-out/>
  <testcase classname="runner.TestRunner" name="runScenario" time="27.355"/>
  <system-out/>
  <testcase classname="runner.TestRunner" name="runScenario" time="30.113"/>
  <system-out/>
</testsuite> <!-- runner.TestRunner -->
