<?xml version="1.0" encoding="UTF-8"?>
<!-- Generated by org.testng.reporters.JUnitReportReporter -->
<testsuite hostname="Duhas-Air" failures="0" tests="1" name="runner.TestRunner" time="18.697" errors="0" timestamp="2021-09-03T19:39:19 EDT" skipped="0">
  <testcase classname="runner.TestRunner" name="runScenario" time="18.697"/>
  <system-out/>
</testsuite> <!-- runner.TestRunner -->
