<?xml version="1.0" encoding="UTF-8"?>
<!-- Generated by org.testng.reporters.JUnitReportReporter -->
<testsuite hostname="Duhas-Air" failures="0" tests="1" name="runner.TestRunner" time="58.042" errors="0" timestamp="2021-10-25T13:06:11 EDT" skipped="0">
  <testcase classname="runner.TestRunner" name="runScenario" time="58.042"/>
  <system-out/>
</testsuite> <!-- runner.TestRunner -->
