<?xml version="1.0" encoding="UTF-8"?>
<!-- Generated by org.testng.reporters.JUnitReportReporter -->
<testsuite hostname="Duhas-Air" failures="0" tests="1" name="runner.TestRunner" time="33.441" errors="0" timestamp="2021-09-10T14:15:32 EDT" skipped="0">
  <testcase classname="runner.TestRunner" name="runScenario" time="33.441"/>
  <system-out/>
</testsuite> <!-- runner.TestRunner -->
