<?xml version="1.0" encoding="UTF-8"?>
<!-- Generated by org.testng.reporters.JUnitReportReporter -->
<testsuite hostname="Duhas-Air" failures="0" tests="1" name="runner.TestRunner" time="21.336" errors="0" timestamp="2021-09-08T14:56:20 EDT" skipped="0">
  <testcase classname="runner.TestRunner" name="runScenario" time="21.336"/>
  <system-out/>
</testsuite> <!-- runner.TestRunner -->
