<?xml version="1.0" encoding="UTF-8"?>
<!-- Generated by org.testng.reporters.JUnitReportReporter -->
<testsuite hostname="Duhas-Air" failures="0" tests="1" name="runner.TestRunner" time="56.074" errors="1" timestamp="2021-09-29T21:03:08 EDT" skipped="0">
  <testcase classname="runner.TestRunner" name="runScenario" time="56.074">
    <error message="Cannot locate an element using xpath=//*[contains(text(),&#039;Verify Email&#039;)]
For documentation on this error, please visit: https://www.seleniumhq.org/exceptions/no_such_element.html
Build info: version: &#039;3.141.59&#039;, revision: &#039;e82be7d358&#039;, time: &#039;2018-11-14T08:17:03&#039;
System info: host: &#039;Duhas-Air&#039;, ip: &#039;fe80:0:0:0:1048:fefd:5437:e7f5%en0&#039;, os.name: &#039;Mac OS X&#039;, os.arch: &#039;x86_64&#039;, os.version: &#039;11.4&#039;, java.version: &#039;16.0.1&#039;
Driver info: driver.version: RemoteWebDriver" type="org.openqa.selenium.NoSuchElementException">
      <![CDATA[org.openqa.selenium.NoSuchElementException: Cannot locate an element using xpath=//*[contains(text(),'Verify Email')]
For documentation on this error, please visit: https://www.seleniumhq.org/exceptions/no_such_element.html
Build info: version: '3.141.59', revision: 'e82be7d358', time: '2018-11-14T08:17:03'
System info: host: 'Duhas-Air', ip: 'fe80:0:0:0:1048:fefd:5437:e7f5%en0', os.name: 'Mac OS X', os.arch: 'x86_64', os.version: '11.4', java.version: '16.0.1'
Driver info: driver.version: RemoteWebDriver
at org.openqa.selenium.remote.RemoteWebDriver.findElement(RemoteWebDriver.java:327)
at org.openqa.selenium.remote.RemoteWebDriver.findElementByXPath(RemoteWebDriver.java:428)
at org.openqa.selenium.By$ByXPath.findElement(By.java:353)
at org.openqa.selenium.remote.RemoteWebDriver.findElement(RemoteWebDriver.java:315)
at org.openqa.selenium.support.pagefactory.DefaultElementLocator.findElement(DefaultElementLocator.java:69)
at org.openqa.selenium.support.pagefactory.internal.LocatingElementHandler.invoke(LocatingElementHandler.java:38)
at jdk.proxy2/jdk.proxy2.$Proxy24.getText(Unknown Source)
at pageObjectModel.SignUp_POM.ClickCreateAnAccount(SignUp_POM.java:110)
at stepDefinition.UserSignUp.clicks_on_button(UserSignUp.java:49)
at âœ½.clicks on 'Create an Account' button(file:///Users/duhachowdhury/eclipse-workspace/AlteonIo/src/test/java/Features/SignUp.feature:8)
]]>
    </error>
  </testcase> <!-- runScenario -->
  <system-out/>
</testsuite> <!-- runner.TestRunner -->
